<?xml version="1.0" encoding="UTF-8"?>
<testsuite xmlns:xsi="http://www.w3.org/2001/XMLSchema-instance" xsi:noNamespaceSchemaLocation="https://maven.apache.org/surefire/maven-surefire-plugin/xsd/surefire-test-report-3.0.xsd" version="3.0" name="com.example.xadessigner.service.XadesSignerServiceTest" time="13.042" tests="2" errors="0" skipped="0" failures="0">
  <properties>
[...]
</properties>
  <testcase name="testSignXmlWithInvalidCertificate" classname="com.example.xadessigner.service.XadesSignerServiceTest" time="2.215">
    <system-out><![CDATA[
  .   ____          _            __ _ _
 /\\ / ___'_ __ _ _(_)_ __  __ _ \ \ \ \
( ( )\___ | '_ | '_| | '_ \/ _` | \ \ \ \
 \\/  ___)| |_)| | | | | || (_| |  ) ) ) )
  '  |____| .__|_| |_|_| |_\__, | / / / /
 =========|_|==============|___/=/_/_/_/
 :: Spring Boot ::                (v3.2.0)

2025-07-11 20:22:50 [main] INFO  c.e.x.service.XadesSignerServiceTest - Starting XadesSignerServiceTest using Java 17.0.12 with PID 22020 (started by Usuario in C:\Users\Usuario\CascadeProjects\xadesMarinos)
2025-07-11 20:22:50 [main] DEBUG c.e.x.service.XadesSignerServiceTest - Running with Spring Boot v3.2.0, Spring v6.1.1
2025-07-11 20:22:50 [main] INFO  c.e.x.service.XadesSignerServiceTest - The following 1 profile is active: "dev"
2025-07-11 20:22:50 [main] DEBUG o.s.w.c.s.GenericWebApplicationContext - Refreshing org.springframework.web.context.support.GenericWebApplicationContext@21ca139c
2025-07-11 20:22:54 [main] DEBUG o.s.w.s.m.m.a.RequestMappingHandlerMapping - 4 mappings in 'requestMappingHandlerMapping'
2025-07-11 20:22:54 [main] DEBUG o.s.w.s.h.SimpleUrlHandlerMapping - Patterns [/webjars/**, /**] in 'resourceHandlerMapping'
2025-07-11 20:22:55 [main] DEBUG o.s.w.s.m.m.a.RequestMappingHandlerAdapter - ControllerAdvice beans: 0 @ModelAttribute, 0 @InitBinder, 1 RequestBodyAdvice, 1 ResponseBodyAdvice
2025-07-11 20:22:55 [main] DEBUG o.s.w.s.m.m.a.ExceptionHandlerExceptionResolver - ControllerAdvice beans: 1 @ExceptionHandler, 1 ResponseBodyAdvice
2025-07-11 20:22:56 [main] INFO  o.s.b.a.e.web.EndpointLinksResolver - Exposing 14 endpoint(s) beneath base path '/actuator'
2025-07-11 20:22:56 [main] INFO  c.e.x.service.XadesSignerServiceTest - Started XadesSignerServiceTest in 6.759 seconds (process running for 9.243)
Debug - Iniciando proceso de firma...
Debug - Usando certificado especificado: src/main/resources/keystore/nonexistent.p12
Debug - Usando certificado especificado: src/main/resources/keystore/nonexistent.p12
Debug - Keystore path: src/main/resources/keystore/nonexistent.p12
Debug - Key alias: marino s bar pescadero restaurante sas
Debug - Keystore password length: 13
]]></system-out>
    <system-err><![CDATA[Error al cargar keystore: src\main\resources\keystore\nonexistent.p12 (El sistema no puede encontrar el archivo especificado)
]]></system-err>
  </testcase>
  <testcase name="testSignXml" classname="com.example.xadessigner.service.XadesSignerServiceTest" time="2.983">
    <system-out><![CDATA[Debug - Iniciando proceso de firma...
Debug - Usando keystore por defecto
Debug - Usando keystore por defecto...
Debug - Keystore path: classpath:keystore/keystore-dev.p12
Debug - Key alias: test-cert
Debug - Cargando keystore...
Debug - Keystore cargado exitosamente
Debug - Obteniendo entrada de clave privada...
Debug - Entrada de clave privada obtenida exitosamente
Debug - Creando proveedor de claves...
Debug - Creando perfil de firma...
Debug - Perfil de firma creado exitosamente
Debug - Creando firmador...
Debug - Firmador creado exitosamente
Debug - Procesando documento XML...
Debug - Elemento raíz ID: signed-content
Debug - Firmando documento con referencia: #signed-content
Debug - Obteniendo cadena de certificados...
Debug - Cadena de certificados obtenida: 1 certificados
Debug - Obteniendo clave de firma...
Debug - Documento firmado exitosamente
Debug - Transformación completada. Tamaño del resultado: 6089
]]></system-out>
  </testcase>
</testsuite>